C:\USERS\ASUS\SKYDRIVE\DOCUMENTS\ALP\THEME PROJECT\VS2010_SLA_SOURCE\SLA\DEBUG\CALCULATOR.OBJ
C:\Users\ASUS\SkyDrive\Documents\ALP\Theme project\VS2010_SLA_Source\SLA\Debug\cl.command.1.tlog
C:\Users\ASUS\SkyDrive\Documents\ALP\Theme project\VS2010_SLA_Source\SLA\Debug\CL.read.1.tlog
C:\Users\ASUS\SkyDrive\Documents\ALP\Theme project\VS2010_SLA_Source\SLA\Debug\CL.write.1.tlog
C:\Users\ASUS\SkyDrive\Documents\ALP\Theme project\VS2010_SLA_Source\SLA\Debug\custombuild.command.1.tlog
C:\Users\ASUS\SkyDrive\Documents\ALP\Theme project\VS2010_SLA_Source\SLA\Debug\custombuild.read.1.tlog
C:\Users\ASUS\SkyDrive\Documents\ALP\Theme project\VS2010_SLA_Source\SLA\Debug\custombuild.write.1.tlog
C:\Users\ASUS\SkyDrive\Documents\ALP\Theme project\VS2010_SLA_Source\SLA\Debug\link.command.1.tlog
C:\Users\ASUS\SkyDrive\Documents\ALP\Theme project\VS2010_SLA_Source\SLA\Debug\link.read.1.tlog
C:\Users\ASUS\SkyDrive\Documents\ALP\Theme project\VS2010_SLA_Source\SLA\Debug\link.write.1.tlog
C:\USERS\ASUS\SKYDRIVE\DOCUMENTS\ALP\THEME PROJECT\VS2010_SLA_SOURCE\SLA\DEBUG\MAIN.OBJ
C:\USERS\ASUS\SKYDRIVE\DOCUMENTS\ALP\THEME PROJECT\VS2010_SLA_SOURCE\SLA\DEBUG\MOC_MYWIDGET.OBJ
C:\USERS\ASUS\SKYDRIVE\DOCUMENTS\ALP\THEME PROJECT\VS2010_SLA_SOURCE\SLA\DEBUG\MOC_PROJECTOR.OBJ
C:\USERS\ASUS\SKYDRIVE\DOCUMENTS\ALP\THEME PROJECT\VS2010_SLA_SOURCE\SLA\DEBUG\MOC_QEXTSERIALBASE.OBJ
C:\USERS\ASUS\SKYDRIVE\DOCUMENTS\ALP\THEME PROJECT\VS2010_SLA_SOURCE\SLA\DEBUG\MOC_QEXTSERIALPORT.OBJ
C:\USERS\ASUS\SKYDRIVE\DOCUMENTS\ALP\THEME PROJECT\VS2010_SLA_SOURCE\SLA\DEBUG\MOC_SLA.OBJ
C:\USERS\ASUS\SKYDRIVE\DOCUMENTS\ALP\THEME PROJECT\VS2010_SLA_SOURCE\SLA\DEBUG\MOC_WIN_QEXTSERIALPORT.OBJ
C:\Users\ASUS\SkyDrive\Documents\ALP\Theme project\VS2010_SLA_Source\SLA\Debug\mt.command.1.tlog
C:\Users\ASUS\SkyDrive\Documents\ALP\Theme project\VS2010_SLA_Source\SLA\Debug\mt.read.1.tlog
C:\Users\ASUS\SkyDrive\Documents\ALP\Theme project\VS2010_SLA_Source\SLA\Debug\mt.write.1.tlog
C:\USERS\ASUS\SKYDRIVE\DOCUMENTS\ALP\THEME PROJECT\VS2010_SLA_SOURCE\SLA\DEBUG\MYWIDGET.OBJ
C:\USERS\ASUS\SKYDRIVE\DOCUMENTS\ALP\THEME PROJECT\VS2010_SLA_SOURCE\SLA\DEBUG\PROJECTOR.OBJ
C:\USERS\ASUS\SKYDRIVE\DOCUMENTS\ALP\THEME PROJECT\VS2010_SLA_SOURCE\SLA\DEBUG\QEXTSERIALBASE.OBJ
C:\USERS\ASUS\SKYDRIVE\DOCUMENTS\ALP\THEME PROJECT\VS2010_SLA_SOURCE\SLA\DEBUG\QEXTSERIALPORT.OBJ
C:\USERS\ASUS\SKYDRIVE\DOCUMENTS\ALP\THEME PROJECT\VS2010_SLA_SOURCE\SLA\DEBUG\QRC_SLA.OBJ
C:\USERS\ASUS\SKYDRIVE\DOCUMENTS\ALP\THEME PROJECT\VS2010_SLA_SOURCE\SLA\DEBUG\SLA.EXE.INTERMEDIATE.MANIFEST
C:\USERS\ASUS\SKYDRIVE\DOCUMENTS\ALP\THEME PROJECT\VS2010_SLA_SOURCE\SLA\DEBUG\SLA.OBJ
C:\Users\ASUS\SkyDrive\Documents\ALP\Theme project\VS2010_SLA_Source\SLA\Debug\SLA.vcxprojResolveAssemblyReference.cache
C:\Users\ASUS\SkyDrive\Documents\ALP\Theme project\VS2010_SLA_Source\SLA\Debug\SLA.write.1.tlog
C:\USERS\ASUS\SKYDRIVE\DOCUMENTS\ALP\THEME PROJECT\VS2010_SLA_SOURCE\SLA\DEBUG\VC100.PDB
C:\USERS\ASUS\SKYDRIVE\DOCUMENTS\ALP\THEME PROJECT\VS2010_SLA_SOURCE\SLA\DEBUG\WIN_QEXTSERIALPORT.OBJ
C:\USERS\ASUS\SKYDRIVE\DOCUMENTS\ALP\THEME PROJECT\VS2010_SLA_SOURCE\SLA\GENERATEDFILES\DEBUG\MOC_MYWIDGET.CPP
C:\USERS\ASUS\SKYDRIVE\DOCUMENTS\ALP\THEME PROJECT\VS2010_SLA_SOURCE\SLA\GENERATEDFILES\DEBUG\MOC_PROJECTOR.CPP
C:\USERS\ASUS\SKYDRIVE\DOCUMENTS\ALP\THEME PROJECT\VS2010_SLA_SOURCE\SLA\GENERATEDFILES\DEBUG\MOC_QEXTSERIALBASE.CPP
C:\USERS\ASUS\SKYDRIVE\DOCUMENTS\ALP\THEME PROJECT\VS2010_SLA_SOURCE\SLA\GENERATEDFILES\DEBUG\MOC_QEXTSERIALPORT.CPP
C:\USERS\ASUS\SKYDRIVE\DOCUMENTS\ALP\THEME PROJECT\VS2010_SLA_SOURCE\SLA\GENERATEDFILES\DEBUG\MOC_SLA.CPP
C:\USERS\ASUS\SKYDRIVE\DOCUMENTS\ALP\THEME PROJECT\VS2010_SLA_SOURCE\SLA\GENERATEDFILES\DEBUG\MOC_WIN_QEXTSERIALPORT.CPP
C:\USERS\ASUS\SKYDRIVE\DOCUMENTS\ALP\THEME PROJECT\VS2010_SLA_SOURCE\SLA\GENERATEDFILES\QRC_SLA.CPP
C:\USERS\ASUS\SKYDRIVE\DOCUMENTS\ALP\THEME PROJECT\VS2010_SLA_SOURCE\SLA\GENERATEDFILES\UI_SLA.H
C:\USERS\ASUS\SKYDRIVE\DOCUMENTS\ALP\THEME PROJECT\VS2010_SLA_SOURCE\WIN32\DEBUG\SLA.EXE
C:\USERS\ASUS\SKYDRIVE\DOCUMENTS\ALP\THEME PROJECT\VS2010_SLA_SOURCE\WIN32\DEBUG\SLA.ILK
C:\USERS\ASUS\SKYDRIVE\DOCUMENTS\ALP\THEME PROJECT\VS2010_SLA_SOURCE\WIN32\DEBUG\SLA.PDB
